2021-02-18 01:05:11.328  INFO 28944 --- [main] lavalink.server.Launcher                 : 

[32m       .  [31m _                  _ _       _    [32m__ _ _
[32m      /\\ [31m| | __ ___   ____ _| (_)_ __ | | __[32m\ \ \ \
[32m     ( ( )[31m| |/ _` \ \ / / _` | | | '_ \| |/ /[32m \ \ \ \
[32m      \\/ [31m| | (_| |\ V / (_| | | | | | |   < [32m  ) ) ) )
[32m       '  [31m|_|\__,_| \_/ \__,_|_|_|_| |_|_|\_\[32m / / / /
[0m    =========================================[32m/_/_/_/[0m

	Version:        3.3.2.3
	Build:          1176
	Build time:     28.12.2020 18:59:16 UTC
	Branch          master
	Commit:         68d398a
	Commit time:    28.12.2020 18:56:23 UTC
	JVM:            11.0.6
	Lavaplayer      1.3.65

2021-02-18 01:05:11.433  INFO 28944 --- [main] lavalink.server.Launcher                 : Starting Launcher on Ashle with PID 28944 (G:\Namoroka\src\Namoroka\LavaLink\Lavalink.jar started by ashle in G:\Namoroka\src\Namoroka\LavaLink)
2021-02-18 01:05:11.435  INFO 28944 --- [main] lavalink.server.Launcher                 : No active profile set, falling back to default profiles: default
2021-02-18 01:05:11.536  WARN 28944 --- [background-preinit] o.s.h.c.j.Jackson2ObjectMapperBuilder    : For Jackson Kotlin classes support please add "com.fasterxml.jackson.module:jackson-module-kotlin" to the classpath
2021-02-18 01:05:12.771  WARN 28944 --- [main] io.undertow.websockets.jsr               : UT026010: Buffer pool was not set on WebSocketDeploymentInfo, the default pool will be used
2021-02-18 01:05:12.791  INFO 28944 --- [main] io.undertow.servlet                      : Initializing Spring embedded WebApplicationContext
2021-02-18 01:05:12.792  INFO 28944 --- [main] o.s.web.context.ContextLoader            : Root WebApplicationContext: initialization completed in 1303 ms
2021-02-18 01:05:13.092  WARN 28944 --- [main] l.server.config.SentryConfiguration      : Turning off sentry
2021-02-18 01:05:13.314  INFO 28944 --- [main] c.s.d.l.tools.GarbageCollectionMonitor   : GC monitoring enabled, reporting results every 2 minutes.
2021-02-18 01:05:13.499  INFO 28944 --- [main] lavalink.server.config.KoeConfiguration  : OS: Windows 10, Arch: amd64
2021-02-18 01:05:13.500  WARN 28944 --- [main] lavalink.server.config.KoeConfiguration  : This system and architecture appears to not support native audio sending! GC pauses may cause your bot to stutter during playback.
2021-02-18 01:05:13.708  INFO 28944 --- [main] o.s.s.concurrent.ThreadPoolTaskExecutor  : Initializing ExecutorService 'applicationTaskExecutor'
2021-02-18 01:05:13.978  INFO 28944 --- [main] org.xnio                                 : XNIO version 3.3.8.Final
2021-02-18 01:05:13.991  INFO 28944 --- [main] org.xnio.nio                             : XNIO NIO Implementation Version 3.3.8.Final
2021-02-18 01:05:14.066  INFO 28944 --- [main] o.s.b.w.e.u.UndertowServletWebServer     : Undertow started on port(s) 2333 (http) with context path ''
2021-02-18 01:05:14.070  INFO 28944 --- [main] lavalink.server.Launcher                 : Started Launcher in 3.177 seconds (JVM running for 3.576)
2021-02-18 01:05:14.072  INFO 28944 --- [main] lavalink.server.Launcher                 : You can safely ignore the big red warning about illegal reflection. See https://github.com/Frederikam/Lavalink/issues/295
2021-02-18 01:06:19.431  INFO 28944 --- [Thread-1] o.s.s.concurrent.ThreadPoolTaskExecutor  : Shutting down ExecutorService 'applicationTaskExecutor'
2021-02-18 01:06:19.432  INFO 28944 --- [Thread-1] c.s.d.l.tools.GarbageCollectionMonitor   : GC monitoring disabled.
2021-02-18 20:49:09.187  INFO 20016 --- [main] lavalink.server.Launcher                 : 

[32m       .  [31m _                  _ _       _    [32m__ _ _
[32m      /\\ [31m| | __ ___   ____ _| (_)_ __ | | __[32m\ \ \ \
[32m     ( ( )[31m| |/ _` \ \ / / _` | | | '_ \| |/ /[32m \ \ \ \
[32m      \\/ [31m| | (_| |\ V / (_| | | | | | |   < [32m  ) ) ) )
[32m       '  [31m|_|\__,_| \_/ \__,_|_|_|_| |_|_|\_\[32m / / / /
[0m    =========================================[32m/_/_/_/[0m

	Version:        3.3.2.3
	Build:          1176
	Build time:     28.12.2020 18:59:16 UTC
	Branch          master
	Commit:         68d398a
	Commit time:    28.12.2020 18:56:23 UTC
	JVM:            11.0.6
	Lavaplayer      1.3.65

2021-02-18 20:49:09.300  INFO 20016 --- [main] lavalink.server.Launcher                 : Starting Launcher on Ashle with PID 20016 (G:\Namoroka\src\Namoroka\LavaLink\Lavalink.jar started by ashle in G:\Namoroka\src\Namoroka\LavaLink)
2021-02-18 20:49:09.300  INFO 20016 --- [main] lavalink.server.Launcher                 : No active profile set, falling back to default profiles: default
2021-02-18 20:49:09.388  WARN 20016 --- [background-preinit] o.s.h.c.j.Jackson2ObjectMapperBuilder    : For Jackson Kotlin classes support please add "com.fasterxml.jackson.module:jackson-module-kotlin" to the classpath
2021-02-18 20:49:10.614  WARN 20016 --- [main] io.undertow.websockets.jsr               : UT026010: Buffer pool was not set on WebSocketDeploymentInfo, the default pool will be used
2021-02-18 20:49:10.635  INFO 20016 --- [main] io.undertow.servlet                      : Initializing Spring embedded WebApplicationContext
2021-02-18 20:49:10.636  INFO 20016 --- [main] o.s.web.context.ContextLoader            : Root WebApplicationContext: initialization completed in 1290 ms
2021-02-18 20:49:10.952  WARN 20016 --- [main] l.server.config.SentryConfiguration      : Turning off sentry
2021-02-18 20:49:11.176  INFO 20016 --- [main] c.s.d.l.tools.GarbageCollectionMonitor   : GC monitoring enabled, reporting results every 2 minutes.
2021-02-18 20:49:11.330  INFO 20016 --- [main] lavalink.server.config.KoeConfiguration  : OS: Windows 10, Arch: amd64
2021-02-18 20:49:11.331  WARN 20016 --- [main] lavalink.server.config.KoeConfiguration  : This system and architecture appears to not support native audio sending! GC pauses may cause your bot to stutter during playback.
2021-02-18 20:49:11.573  INFO 20016 --- [main] o.s.s.concurrent.ThreadPoolTaskExecutor  : Initializing ExecutorService 'applicationTaskExecutor'
2021-02-18 20:49:11.851  INFO 20016 --- [main] org.xnio                                 : XNIO version 3.3.8.Final
2021-02-18 20:49:11.862  INFO 20016 --- [main] org.xnio.nio                             : XNIO NIO Implementation Version 3.3.8.Final
2021-02-18 20:49:11.917  INFO 20016 --- [main] o.s.b.w.e.u.UndertowServletWebServer     : Undertow started on port(s) 2333 (http) with context path ''
2021-02-18 20:49:11.921  INFO 20016 --- [main] lavalink.server.Launcher                 : Started Launcher in 3.234 seconds (JVM running for 3.7)
2021-02-18 20:49:11.922  INFO 20016 --- [main] lavalink.server.Launcher                 : You can safely ignore the big red warning about illegal reflection. See https://github.com/Frederikam/Lavalink/issues/295
2021-02-18 20:49:12.353  INFO 20016 --- [XNIO-1 task-1] io.undertow.servlet                      : Initializing Spring DispatcherServlet 'dispatcherServlet'
2021-02-18 20:49:12.354  INFO 20016 --- [XNIO-1 task-1] o.s.web.servlet.DispatcherServlet        : Initializing Servlet 'dispatcherServlet'
2021-02-18 20:49:12.364  INFO 20016 --- [XNIO-1 task-1] o.s.web.servlet.DispatcherServlet        : Completed initialization in 10 ms
2021-02-18 20:49:12.395 ERROR 20016 --- [XNIO-1 task-1] l.server.io.HandshakeInterceptorImpl     : Authentication failed from /127.0.0.1:59364
2021-02-18 20:49:19.565  WARN 20016 --- [XNIO-1 task-2] l.s.config.RequestAuthorizationFilter    : Authorization failed for 127.0.0.1 on GET /loadtracks
2021-02-18 20:49:53.241 ERROR 20016 --- [XNIO-1 task-3] l.server.io.HandshakeInterceptorImpl     : Authentication failed from /127.0.0.1:59550
2021-02-18 20:50:00.386  WARN 20016 --- [XNIO-1 task-4] l.s.config.RequestAuthorizationFilter    : Authorization failed for 127.0.0.1 on GET /loadtracks
2021-02-18 20:50:03.267 ERROR 20016 --- [XNIO-1 task-5] l.server.io.HandshakeInterceptorImpl     : Authentication failed from /127.0.0.1:59565
2021-02-18 20:50:06.123  INFO 20016 --- [Thread-1] o.s.s.concurrent.ThreadPoolTaskExecutor  : Shutting down ExecutorService 'applicationTaskExecutor'
2021-02-18 20:50:06.124  INFO 20016 --- [Thread-1] c.s.d.l.tools.GarbageCollectionMonitor   : GC monitoring disabled.
2021-02-18 20:50:06.127  INFO 20016 --- [Thread-1] io.undertow.servlet                      : Destroying Spring FrameworkServlet 'dispatcherServlet'
2021-02-18 20:50:08.883  INFO 24032 --- [main] lavalink.server.Launcher                 : 

[32m       .  [31m _                  _ _       _    [32m__ _ _
[32m      /\\ [31m| | __ ___   ____ _| (_)_ __ | | __[32m\ \ \ \
[32m     ( ( )[31m| |/ _` \ \ / / _` | | | '_ \| |/ /[32m \ \ \ \
[32m      \\/ [31m| | (_| |\ V / (_| | | | | | |   < [32m  ) ) ) )
[32m       '  [31m|_|\__,_| \_/ \__,_|_|_|_| |_|_|\_\[32m / / / /
[0m    =========================================[32m/_/_/_/[0m

	Version:        3.3.2.3
	Build:          1176
	Build time:     28.12.2020 18:59:16 UTC
	Branch          master
	Commit:         68d398a
	Commit time:    28.12.2020 18:56:23 UTC
	JVM:            11.0.6
	Lavaplayer      1.3.65

2021-02-18 20:50:08.979  INFO 24032 --- [main] lavalink.server.Launcher                 : Starting Launcher on Ashle with PID 24032 (G:\Namoroka\src\Namoroka\LavaLink\Lavalink.jar started by ashle in G:\Namoroka\src\Namoroka\LavaLink)
2021-02-18 20:50:08.980  INFO 24032 --- [main] lavalink.server.Launcher                 : No active profile set, falling back to default profiles: default
2021-02-18 20:50:09.080  WARN 24032 --- [background-preinit] o.s.h.c.j.Jackson2ObjectMapperBuilder    : For Jackson Kotlin classes support please add "com.fasterxml.jackson.module:jackson-module-kotlin" to the classpath
2021-02-18 20:50:10.140  WARN 24032 --- [main] io.undertow.websockets.jsr               : UT026010: Buffer pool was not set on WebSocketDeploymentInfo, the default pool will be used
2021-02-18 20:50:10.161  INFO 24032 --- [main] io.undertow.servlet                      : Initializing Spring embedded WebApplicationContext
2021-02-18 20:50:10.161  INFO 24032 --- [main] o.s.web.context.ContextLoader            : Root WebApplicationContext: initialization completed in 1142 ms
2021-02-18 20:50:10.458  WARN 24032 --- [main] l.server.config.SentryConfiguration      : Turning off sentry
2021-02-18 20:50:10.688  INFO 24032 --- [main] c.s.d.l.tools.GarbageCollectionMonitor   : GC monitoring enabled, reporting results every 2 minutes.
2021-02-18 20:50:10.853  INFO 24032 --- [main] lavalink.server.config.KoeConfiguration  : OS: Windows 10, Arch: amd64
2021-02-18 20:50:10.854  WARN 24032 --- [main] lavalink.server.config.KoeConfiguration  : This system and architecture appears to not support native audio sending! GC pauses may cause your bot to stutter during playback.
2021-02-18 20:50:11.033  INFO 24032 --- [main] o.s.s.concurrent.ThreadPoolTaskExecutor  : Initializing ExecutorService 'applicationTaskExecutor'
2021-02-18 20:50:11.284  INFO 24032 --- [main] org.xnio                                 : XNIO version 3.3.8.Final
2021-02-18 20:50:11.295  INFO 24032 --- [main] org.xnio.nio                             : XNIO NIO Implementation Version 3.3.8.Final
2021-02-18 20:50:11.347  INFO 24032 --- [main] o.s.b.w.e.u.UndertowServletWebServer     : Undertow started on port(s) 2333 (http) with context path ''
2021-02-18 20:50:11.352  INFO 24032 --- [main] lavalink.server.Launcher                 : Started Launcher in 2.9 seconds (JVM running for 3.331)
2021-02-18 20:50:11.354  INFO 24032 --- [main] lavalink.server.Launcher                 : You can safely ignore the big red warning about illegal reflection. See https://github.com/Frederikam/Lavalink/issues/295
2021-02-18 20:50:17.089  INFO 24032 --- [XNIO-1 task-1] io.undertow.servlet                      : Initializing Spring DispatcherServlet 'dispatcherServlet'
2021-02-18 20:50:17.090  INFO 24032 --- [XNIO-1 task-1] o.s.web.servlet.DispatcherServlet        : Initializing Servlet 'dispatcherServlet'
2021-02-18 20:50:17.098  INFO 24032 --- [XNIO-1 task-1] o.s.web.servlet.DispatcherServlet        : Completed initialization in 8 ms
2021-02-18 20:50:17.113  WARN 24032 --- [XNIO-1 task-1] l.s.config.RequestAuthorizationFilter    : Authorization failed for 127.0.0.1 on GET /loadtracks
2021-02-18 20:50:23.293 ERROR 24032 --- [XNIO-1 task-2] l.server.io.HandshakeInterceptorImpl     : Authentication failed from /127.0.0.1:59680
2021-02-18 20:50:34.609  INFO 24032 --- [Thread-1] o.s.s.concurrent.ThreadPoolTaskExecutor  : Shutting down ExecutorService 'applicationTaskExecutor'
2021-02-18 20:50:34.610  INFO 24032 --- [Thread-1] c.s.d.l.tools.GarbageCollectionMonitor   : GC monitoring disabled.
2021-02-18 20:50:34.613  INFO 24032 --- [Thread-1] io.undertow.servlet                      : Destroying Spring FrameworkServlet 'dispatcherServlet'
